<?xml version="1.0" encoding="UTF-8" ?>
<testsuite name="BottleNex" date="Sun Dec 11 23:35:59 2022" tests="13" errors="0" failures="0" time="0" >
    <testcase classname="TestRoad" name="TestInit" line="31" />
    <testcase classname="TestRoad" name="TestEvolveNoInput" line="45" />
    <testcase classname="TestRoad" name="TestEvolveWithInput" line="77" />
    <testcase classname="TestConfig" name="TestDefault" line="21" />
    <testcase classname="TestConfig" name="TestSet" line="38" />
    <testcase classname="TestConfig" name="TestReset" line="55" />
    <testcase classname="TestConfig" name="TestLoad" line="79">
        <skipped file="/Users/Arnaud/Documents/Codes.nosync/BottleNex/test_src/test_config.h" line="81" type="skipped" >Test skipped: TODO</skipped>
        <system-out >
In TestConfig::TestLoad:
/Users/Arnaud/Documents/Codes.nosync/BottleNex/test_src/test_config.h:81: Warning: Test skipped: TODO
s</system-out>
    </testcase>
    <testcase classname="TestVehicleFactory" name="TestDefault" line="55" />
    <testcase classname="TestVehicleFactory" name="TestBuild" line="66" />
    <testcase classname="TestLane" name="TestDefault" line="24" />
    <testcase classname="TestLane" name="TestInputDefault" line="40" />
    <testcase classname="TestLane" name="TestDeleteVehicle" line="59" />
    <testcase classname="TestLane" name="TestMoveVehicle" line="83" />
</testsuite>
