<?xml version="1.0" encoding="UTF-8" ?>
<testsuite name="BottleNex" date="Tue Dec 13 19:47:59 2022" tests="19" errors="0" failures="0" time="0" >
    <testcase classname="TestRoad" name="TestInit" line="31" />
    <testcase classname="TestRoad" name="TestEvolveNoInput" line="45" />
    <testcase classname="TestRoad" name="TestEvolveWithInput" line="77" />
    <testcase classname="TestConfig" name="TestDefault" line="21" />
    <testcase classname="TestConfig" name="TestSet" line="37" />
    <testcase classname="TestConfig" name="TestReset" line="54" />
    <testcase classname="TestConfig" name="TestLoad" line="78">
        <system-out >Found 2 parameters after a SIMULATION directive
Found 4 parameters after a CAR directive
Found 1 parameters after a VEHICLE FACTORY directive
Found 5 parameters after a LANE directive
.</system-out>
    </testcase>
    <testcase classname="TestVehicleFactory" name="TestDefault" line="55" />
    <testcase classname="TestVehicleFactory" name="TestBuild" line="66" />
    <testcase classname="TestLane" name="TestDefault" line="27" />
    <testcase classname="TestLane" name="TestInputDefault" line="39" />
    <testcase classname="TestLane" name="TestDeleteVehicle" line="56" />
    <testcase classname="TestLane" name="TestMoveVehicle" line="78" />
    <testcase classname="TestLane" name="TestTransfertVehicleToParent" line="98" />
    <testcase classname="TestWriter" name="TestInit" line="28" />
    <testcase classname="TestWriter" name="TestGetStats" line="34" />
    <testcase classname="TestCar" name="TestInit" line="33" />
    <testcase classname="TestCar" name="TestLinkList" line="48" />
    <testcase classname="TestCar" name="TestMotionState" line="85" />
</testsuite>
