<?xml version="1.0" encoding="UTF-8" ?>
<testsuite name="BottleNex" date="Fri Dec  9 18:15:05 2022" tests="6" errors="0" failures="0" time="0" >
    <testcase classname="TestRoad" name="TestInit" line="26" />
    <testcase classname="TestRoad" name="TestEvolve" line="43" />
    <testcase classname="TestConfig" name="TestDefault" line="21" />
    <testcase classname="TestConfig" name="TestSet" line="41" />
    <testcase classname="TestConfig" name="TestReset" line="58" />
    <testcase classname="TestConfig" name="TestLoad" line="81">
        <skipped file="/Users/Arnaud/Documents/Codes.nosync/BottleNex/test_src/test_config.h" line="83" type="skipped" >Test skipped: TODO</skipped>
        <system-out >
In TestConfig::TestLoad:
/Users/Arnaud/Documents/Codes.nosync/BottleNex/test_src/test_config.h:83: Warning: Test skipped: TODO
s</system-out>
    </testcase>
</testsuite>
