<?xml version="1.0" encoding="UTF-8" ?>
<testsuite name="BottleNex" date="Tue Dec 13 11:48:29 2022" tests="19" errors="0" failures="0" time="0" >
    <testcase classname="TestRoad" name="TestInit" line="31" />
    <testcase classname="TestRoad" name="TestEvolveNoInput" line="45" />
    <testcase classname="TestRoad" name="TestEvolveWithInput" line="77" />
    <testcase classname="TestConfig" name="TestDefault" line="21" />
    <testcase classname="TestConfig" name="TestSet" line="38" />
    <testcase classname="TestConfig" name="TestReset" line="55" />
    <testcase classname="TestConfig" name="TestLoad" line="79">
        <skipped file="/Users/Arnaud/Documents/Codes.nosync/BottleNex/test_src/test_config.h" line="81" type="skipped" >Test skipped: TODO</skipped>
        <system-out >
In TestConfig::TestLoad:
/Users/Arnaud/Documents/Codes.nosync/BottleNex/test_src/test_config.h:81: Warning: Test skipped: TODO
s</system-out>
    </testcase>
    <testcase classname="TestVehicleFactory" name="TestDefault" line="55" />
    <testcase classname="TestVehicleFactory" name="TestBuild" line="66" />
    <testcase classname="TestLane" name="TestDefault" line="27" />
    <testcase classname="TestLane" name="TestInputDefault" line="39" />
    <testcase classname="TestLane" name="TestDeleteVehicle" line="56" />
    <testcase classname="TestLane" name="TestMoveVehicle" line="78" />
    <testcase classname="TestLane" name="TestTransfertVehicleToParent" line="98" />
    <testcase classname="TestWriter" name="TestInit" line="28" />
    <testcase classname="TestWriter" name="TestGetStats" line="34" />
    <testcase classname="TestCar" name="TestInit" line="33" />
    <testcase classname="TestCar" name="TestLinkList" line="48" />
    <testcase classname="TestCar" name="TestMotionState" line="85" />
</testsuite>
